Start testing: Jun 24 06:08 CST
----------------------------------------------------------
708/973 Testing: ahfl.semantics.typed_hir_all
708/973 Test: ahfl.semantics.typed_hir_all
Command: "/Users/bytedance/Develop/AHFL/build-w9/tests/ahfl_semantics_typed_hir_tests"
Directory: /Users/bytedance/Develop/AHFL
"ahfl.semantics.typed_hir_all" start time: Jun 24 06:08 CST
Output:
----------------------------------------------------------
=== PROJECT TYPECHECK DIAGNOSTICS ===
error: comparison with none requires Optional<T>, got std::option::Option<Int>::Some (../../../../private/var/folders/b1/0fd1b6hs7lz0fm_mh346lybm0000gn/T/ahfl_typed_hir_collections_api_project/app/main.ahfl:154:12)

=== END ===
=== PROJECT TYPECHECK DIAGNOSTICS ===
error: type mismatch in const initializer: expected std::collections::Set<String(2, 8)>, got std::collections::Set<Int> (../../../../private/var/folders/b1/0fd1b6hs7lz0fm_mh346lybm0000gn/T/ahfl_typed_hir_container_variance_project/typed/variance.ahfl:11:38)
  note: expected type 'std::collections::Set<String(2, 8)>' from declared type of const 'NarrowSet' declared here (../../../../private/var/folders/b1/0fd1b6hs7lz0fm_mh346lybm0000gn/T/ahfl_typed_hir_container_variance_project/typed/variance.ahfl)
  note: actual expression has type 'std::collections::Set<Int>' here (../../../../private/var/folders/b1/0fd1b6hs7lz0fm_mh346lybm0000gn/T/ahfl_typed_hir_container_variance_project/typed/variance.ahfl)
error: type mismatch in const initializer: expected std::collections::Map<String, String(2, 8)>, got std::collections::Map<Int, Int> (../../../../private/var/folders/b1/0fd1b6hs7lz0fm_mh346lybm0000gn/T/ahfl_typed_hir_container_variance_project/typed/variance.ahfl:14:51)
  note: expected type 'std::collections::Map<String, String(2, 8)>' from declared type of const 'NarrowMapValue' declared here (../../../../private/var/folders/b1/0fd1b6hs7lz0fm_mh346lybm0000gn/T/ahfl_typed_hir_container_variance_project/typed/variance.ahfl)
  note: actual expression has type 'std::collections::Map<Int, Int>' here (../../../../private/var/folders/b1/0fd1b6hs7lz0fm_mh346lybm0000gn/T/ahfl_typed_hir_container_variance_project/typed/variance.ahfl)

=== END ===
=== RESOLVE DIAGNOSTICS ===
error: unknown type 'std::option::Option'

=== END ===
=== RESOLVE DIAGNOSTICS ===
error: unknown type 'std::option::Option'

=== END ===
=== RESOLVE DIAGNOSTICS ===
error: unknown type 'std::option::Option'

=== END ===
=== RESOLVE DIAGNOSTICS ===
error: unknown type 'std::option::Option'

=== END ===
=== RESOLVE DIAGNOSTICS ===
error: unknown type 'std::option::Option'

=== END ===
[doctest] doctest version is "2.4.11"
[doctest] run with "--help" for options
===============================================================================
/Users/bytedance/Develop/AHFL/tests/unit/compiler/semantics/typed_hir.cpp:549:
TEST CASE:  ConstExpr typed HIR carries serializable const value trees

/Users/bytedance/Develop/AHFL/tests/unit/compiler/semantics/typed_hir.cpp:614: FATAL ERROR: REQUIRE( settings_literal != program.expressions.end() ) is NOT correct!
  values: REQUIRE( {?} != {?} )

===============================================================================
/Users/bytedance/Develop/AHFL/tests/unit/compiler/semantics/typed_hir.cpp:760:
TEST CASE:  ConstExpr typed HIR normalizes Set and Map const values

/Users/bytedance/Develop/AHFL/tests/unit/compiler/semantics/typed_hir.cpp:296: FATAL ERROR: REQUIRE( pos != std::string::npos ) is NOT correct!
  values: REQUIRE( 18446744073709551615 != 18446744073709551615 )

===============================================================================
/Users/bytedance/Develop/AHFL/tests/unit/compiler/semantics/typed_hir.cpp:988:
TEST CASE:  P6 project can call std option and result APIs

/Users/bytedance/Develop/AHFL/tests/unit/compiler/semantics/typed_hir.cpp:1082: FATAL ERROR: REQUIRE( symbol != result.typed_program.symbols.end() ) is NOT correct!
  values: REQUIRE( {?} != {?} )

===============================================================================
/Users/bytedance/Develop/AHFL/tests/unit/compiler/semantics/typed_hir.cpp:1288:
TEST CASE:  P6 project can call std collections List API

/Users/bytedance/Develop/AHFL/tests/unit/compiler/semantics/typed_hir.cpp:152: FATAL ERROR: REQUIRE_FALSE( result.has_errors() ) is NOT correct!
  values: REQUIRE_FALSE( true )

===============================================================================
/Users/bytedance/Develop/AHFL/tests/unit/compiler/semantics/typed_hir.cpp:2424:
TEST CASE:  Source typecheck applies covariant container variance rules

/Users/bytedance/Develop/AHFL/tests/unit/compiler/semantics/typed_hir.cpp:152: FATAL ERROR: REQUIRE_FALSE( result.has_errors() ) is NOT correct!
  values: REQUIRE_FALSE( true )

===============================================================================
/Users/bytedance/Develop/AHFL/tests/unit/compiler/semantics/typed_hir.cpp:3685:
TEST CASE:  P2d.S4a monomorphization table is present and empty at start

/Users/bytedance/Develop/AHFL/tests/unit/compiler/semantics/typed_hir.cpp:97: FATAL ERROR: REQUIRE_FALSE( resolve.has_errors() ) is NOT correct!
  values: REQUIRE_FALSE( true )

===============================================================================
/Users/bytedance/Develop/AHFL/tests/unit/compiler/semantics/typed_hir.cpp:3712:
TEST CASE:  P2d.S4a same key twice produces one entry (dedup)

/Users/bytedance/Develop/AHFL/tests/unit/compiler/semantics/typed_hir.cpp:97: FATAL ERROR: REQUIRE_FALSE( resolve.has_errors() ) is NOT correct!
  values: REQUIRE_FALSE( true )

===============================================================================
/Users/bytedance/Develop/AHFL/tests/unit/compiler/semantics/typed_hir.cpp:3773:
TEST CASE:  P2d.S4a different keys produce two distinct instances

/Users/bytedance/Develop/AHFL/tests/unit/compiler/semantics/typed_hir.cpp:97: FATAL ERROR: REQUIRE_FALSE( resolve.has_errors() ) is NOT correct!
  values: REQUIRE_FALSE( true )

===============================================================================
/Users/bytedance/Develop/AHFL/tests/unit/compiler/semantics/typed_hir.cpp:3830:
TEST CASE:  P2d.S4a budget totals match P2d.S3 constant formulas

/Users/bytedance/Develop/AHFL/tests/unit/compiler/semantics/typed_hir.cpp:97: FATAL ERROR: REQUIRE_FALSE( resolve.has_errors() ) is NOT correct!
  values: REQUIRE_FALSE( true )

===============================================================================
/Users/bytedance/Develop/AHFL/tests/unit/compiler/semantics/typed_hir.cpp:3911:
TEST CASE:  P2d.S4a error path: out-of-range source_decl_index returns UINT32_MAX

/Users/bytedance/Develop/AHFL/tests/unit/compiler/semantics/typed_hir.cpp:97: FATAL ERROR: REQUIRE_FALSE( resolve.has_errors() ) is NOT correct!
  values: REQUIRE_FALSE( true )

===============================================================================
[doctest] test cases:  41 |  31 passed | 10 failed | 0 skipped
[doctest] assertions: 659 | 649 passed | 10 failed |
[doctest] Status: FAILURE!
<end of output>
Test time =   3.09 sec
----------------------------------------------------------
Test Failed.
"ahfl.semantics.typed_hir_all" end time: Jun 24 06:08 CST
"ahfl.semantics.typed_hir_all" time elapsed: 00:00:03
----------------------------------------------------------

709/973 Testing: ahfl.semantics.effects_all
709/973 Test: ahfl.semantics.effects_all
Command: "/Users/bytedance/Develop/AHFL/build-w9/tests/ahfl_semantics_effects_tests"
Directory: /Users/bytedance/Develop/AHFL
"ahfl.semantics.effects_all" start time: Jun 24 06:08 CST
Output:
----------------------------------------------------------
[doctest] doctest version is "2.4.11"
[doctest] run with "--help" for options
===============================================================================
/Users/bytedance/Develop/AHFL/tests/unit/compiler/semantics/effects.cpp:775:
TEST CASE:  Field and literal diagnostics use stable typecheck codes

/Users/bytedance/Develop/AHFL/tests/unit/compiler/semantics/effects.cpp:143: FATAL ERROR: REQUIRE_FALSE( parse_result.has_errors() ) is NOT correct!
  values: REQUIRE_FALSE( true )

===============================================================================
/Users/bytedance/Develop/AHFL/tests/unit/compiler/semantics/effects.cpp:854:
TEST CASE:  Expression operation diagnostics use stable typecheck codes

/Users/bytedance/Develop/AHFL/tests/unit/compiler/semantics/effects.cpp:905: FATAL ERROR: REQUIRE_FALSE( resolve_result.has_errors() ) is NOT correct!
  values: REQUIRE_FALSE( true )

===============================================================================
/Users/bytedance/Develop/AHFL/tests/unit/compiler/semantics/effects.cpp:1649:
TEST CASE:  Optional narrowing supports symmetric member facts and else complements

/Users/bytedance/Develop/AHFL/tests/unit/compiler/semantics/effects.cpp:1689: ERROR: CHECK_FALSE( type_result.has_errors() ) is NOT correct!
  values: CHECK_FALSE( true )

===============================================================================
/Users/bytedance/Develop/AHFL/tests/unit/compiler/semantics/effects.cpp:1977:
TEST CASE:  Type diagnostics preserve struct field expectation through list literals

/Users/bytedance/Develop/AHFL/tests/unit/compiler/semantics/effects.cpp:2012: ERROR: CHECK( diagnostics_contain(type_result.diagnostics, "expected type 'String' from struct field 'values' declared here") ) is NOT correct!
  values: CHECK( false )

===============================================================================
/Users/bytedance/Develop/AHFL/tests/unit/compiler/semantics/effects.cpp:2015:
TEST CASE:  Type diagnostics preserve struct field expectation through grouped list literals

/Users/bytedance/Develop/AHFL/tests/unit/compiler/semantics/effects.cpp:2050: ERROR: CHECK( diagnostics_contain(type_result.diagnostics, "expected type 'String' from struct field 'values' declared here") ) is NOT correct!
  values: CHECK( false )

===============================================================================
/Users/bytedance/Develop/AHFL/tests/unit/compiler/semantics/effects.cpp:2103:
TEST CASE:  Type diagnostics preserve flow return expectation through list literals

/Users/bytedance/Develop/AHFL/tests/unit/compiler/semantics/effects.cpp:143: FATAL ERROR: REQUIRE_FALSE( parse_result.has_errors() ) is NOT correct!
  values: REQUIRE_FALSE( true )

===============================================================================
/Users/bytedance/Develop/AHFL/tests/unit/compiler/semantics/effects.cpp:2136:
TEST CASE:  Type diagnostics preserve assignment target expectation through list literals

/Users/bytedance/Develop/AHFL/tests/unit/compiler/semantics/effects.cpp:2173: ERROR: CHECK( diagnostics_contain( type_result.diagnostics, "expected type 'String' from assignment target 'ctx.values' declared here") ) is NOT correct!
  values: CHECK( false )

===============================================================================
/Users/bytedance/Develop/AHFL/tests/unit/compiler/semantics/effects.cpp:2222:
TEST CASE:  Const initializer diagnostics preserve declared type expectation

/Users/bytedance/Develop/AHFL/tests/unit/compiler/semantics/effects.cpp:2233: ERROR: CHECK( diagnostic_count_with_code(type_result.diagnostics, "typecheck.TYPE_MISMATCH") == 1 ) is NOT correct!
  values: CHECK( 2 == 1 )

===============================================================================
/Users/bytedance/Develop/AHFL/tests/unit/compiler/semantics/effects.cpp:2310:
TEST CASE:  Type diagnostics preserve assignment expectation through some literals

/Users/bytedance/Develop/AHFL/tests/unit/compiler/semantics/effects.cpp:2343: FATAL ERROR: REQUIRE( type_result.has_errors() ) is NOT correct!
  values: REQUIRE( false )

===============================================================================
/Users/bytedance/Develop/AHFL/tests/unit/compiler/semantics/effects.cpp:2355:
TEST CASE:  Type diagnostics describe inferred collection expectation origins

/Users/bytedance/Develop/AHFL/tests/unit/compiler/semantics/effects.cpp:147: FATAL ERROR: REQUIRE_FALSE( resolve_result.has_errors() ) is NOT correct!
  values: REQUIRE_FALSE( true )

===============================================================================
[doctest] test cases:  46 |  36 passed | 10 failed | 0 skipped
[doctest] assertions: 391 | 381 passed | 10 failed |
[doctest] Status: FAILURE!
<end of output>
Test time =   1.84 sec
----------------------------------------------------------
Test Failed.
"ahfl.semantics.effects_all" end time: Jun 24 06:08 CST
"ahfl.semantics.effects_all" time elapsed: 00:00:01
----------------------------------------------------------

End testing: Jun 24 06:08 CST
